# JRE version: Java(TM) SE Runtime Environment (8.0_131-b11) (build 1.8.0_131-b11)
# Java VM: Java HotSpot(TM) 64-Bit Server VM (25.131-b11 mixed mode windows-amd64 compressed oops)
Heap:
 PSYoungGen      total 114688K, used 74915K [0x00000000eb180000, 0x00000000f3e80000, 0x0000000100000000)
  eden space 108032K, 63% used [0x00000000eb180000,0x00000000ef430300,0x00000000f1b00000)
  from space 6656K, 99% used [0x00000000f3800000,0x00000000f3e78a80,0x00000000f3e80000)
  to   space 8192K, 0% used [0x00000000f2e80000,0x00000000f2e80000,0x00000000f3680000)
 ParOldGen       total 34304K, used 10459K [0x00000000c1400000, 0x00000000c3580000, 0x00000000eb180000)
  object space 34304K, 30% used [0x00000000c1400000,0x00000000c1e36ce0,0x00000000c3580000)
 Metaspace       used 29443K, capacity 31200K, committed 31360K, reserved 1079296K
  class space    used 4038K, capacity 4396K, committed 4480K, reserved 1048576K
GC Heap History (10 events):
Event: 2.473 GC heap before
{Heap before GC invocations=5 (full 0):
 PSYoungGen      total 35328K, used 35287K [0x00000000eb180000, 0x00000000ed680000, 0x0000000100000000)
  eden space 32768K, 99% used [0x00000000eb180000,0x00000000ed17c858,0x00000000ed180000)
  from space 2560K, 98% used [0x00000000ed400000,0x00000000ed6796c8,0x00000000ed680000)
  to   space 2560K, 0% used [0x00000000ed180000,0x00000000ed180000,0x00000000ed400000)
 ParOldGen       total 44032K, used 6753K [0x00000000c1400000, 0x00000000c3f00000, 0x00000000eb180000)
  object space 44032K, 15% used [0x00000000c1400000,0x00000000c1a98760,0x00000000c3f00000)
 Metaspace       used 18680K, capacity 19502K, committed 19584K, reserved 1067008K
  class space    used 2458K, capacity 2641K, committed 2688K, reserved 1048576K
Event: 2.488 GC heap after
Heap after GC invocations=5 (full 0):
 PSYoungGen      total 35328K, used 2533K [0x00000000eb180000, 0x00000000efe80000, 0x0000000100000000)
  eden space 32768K, 0% used [0x00000000eb180000,0x00000000eb180000,0x00000000ed180000)
  from space 2560K, 98% used [0x00000000ed180000,0x00000000ed3f96e8,0x00000000ed400000)
  to   space 6656K, 0% used [0x00000000ef800000,0x00000000ef800000,0x00000000efe80000)
 ParOldGen       total 44032K, used 10030K [0x00000000c1400000, 0x00000000c3f00000, 0x00000000eb180000)
  object space 44032K, 22% used [0x00000000c1400000,0x00000000c1dcba58,0x00000000c3f00000)
 Metaspace       used 18680K, capacity 19502K, committed 19584K, reserved 1067008K
  class space    used 2458K, capacity 2641K, committed 2688K, reserved 1048576K
}
Event: 2.552 GC heap before
{Heap before GC invocations=6 (full 0):
 PSYoungGen      total 35328K, used 35301K [0x00000000eb180000, 0x00000000efe80000, 0x0000000100000000)
  eden space 32768K, 100% used [0x00000000eb180000,0x00000000ed180000,0x00000000ed180000)
  from space 2560K, 98% used [0x00000000ed180000,0x00000000ed3f96e8,0x00000000ed400000)
  to   space 6656K, 0% used [0x00000000ef800000,0x00000000ef800000,0x00000000efe80000)
 ParOldGen       total 44032K, used 10030K [0x00000000c1400000, 0x00000000c3f00000, 0x00000000eb180000)
  object space 44032K, 22% used [0x00000000c1400000,0x00000000c1dcba58,0x00000000c3f00000)
 Metaspace       used 19208K, capacity 20094K, committed 20224K, reserved 1067008K
  class space    used 2514K, capacity 2713K, committed 2816K, reserved 1048576K
Event: 2.558 GC heap after
Heap after GC invocations=6 (full 0):
 PSYoungGen      total 72192K, used 3378K [0x00000000eb180000, 0x00000000efe80000, 0x0000000100000000)
  eden space 65536K, 0% used [0x00000000eb180000,0x00000000eb180000,0x00000000ef180000)
  from space 6656K, 50% used [0x00000000ef800000,0x00000000efb4ca00,0x00000000efe80000)
  to   space 6656K, 0% used [0x00000000ef180000,0x00000000ef180000,0x00000000ef800000)
 ParOldGen       total 44032K, used 10030K [0x00000000c1400000, 0x00000000c3f00000, 0x00000000eb180000)
  object space 44032K, 22% used [0x00000000c1400000,0x00000000c1dcba58,0x00000000c3f00000)
 Metaspace       used 19208K, capacity 20094K, committed 20224K, reserved 1067008K
  class space    used 2514K, capacity 2713K, committed 2816K, reserved 1048576K
}
Event: 2.916 GC heap before
{Heap before GC invocations=7 (full 0):
 PSYoungGen      total 72192K, used 31728K [0x00000000eb180000, 0x00000000efe80000, 0x0000000100000000)
  eden space 65536K, 43% used [0x00000000eb180000,0x00000000ecd2f708,0x00000000ef180000)
  from space 6656K, 50% used [0x00000000ef800000,0x00000000efb4ca00,0x00000000efe80000)
  to   space 6656K, 0% used [0x00000000ef180000,0x00000000ef180000,0x00000000ef800000)
 ParOldGen       total 44032K, used 10030K [0x00000000c1400000, 0x00000000c3f00000, 0x00000000eb180000)
  object space 44032K, 22% used [0x00000000c1400000,0x00000000c1dcba58,0x00000000c3f00000)
 Metaspace       used 20246K, capacity 21268K, committed 21296K, reserved 1067008K
  class space    used 2694K, capacity 2936K, committed 2944K, reserved 1048576K
Event: 2.926 GC heap after
Heap after GC invocations=7 (full 0):
 PSYoungGen      total 72192K, used 4744K [0x00000000eb180000, 0x00000000f3e80000, 0x0000000100000000)
  eden space 65536K, 0% used [0x00000000eb180000,0x00000000eb180000,0x00000000ef180000)
  from space 6656K, 71% used [0x00000000ef180000,0x00000000ef622260,0x00000000ef800000)
  to   space 6656K, 0% used [0x00000000f3800000,0x00000000f3800000,0x00000000f3e80000)
 ParOldGen       total 44032K, used 11311K [0x00000000c1400000, 0x00000000c3f00000, 0x00000000eb180000)
  object space 44032K, 25% used [0x00000000c1400000,0x00000000c1f0bd18,0x00000000c3f00000)
 Metaspace       used 20246K, capacity 21268K, committed 21296K, reserved 1067008K
  class space    used 2694K, capacity 2936K, committed 2944K, reserved 1048576K
}
Event: 2.926 GC heap before
{Heap before GC invocations=8 (full 1):
 PSYoungGen      total 72192K, used 4744K [0x00000000eb180000, 0x00000000f3e80000, 0x0000000100000000)
  eden space 65536K, 0% used [0x00000000eb180000,0x00000000eb180000,0x00000000ef180000)
  from space 6656K, 71% used [0x00000000ef180000,0x00000000ef622260,0x00000000ef800000)
  to   space 6656K, 0% used [0x00000000f3800000,0x00000000f3800000,0x00000000f3e80000)
 ParOldGen       total 44032K, used 11311K [0x00000000c1400000, 0x00000000c3f00000, 0x00000000eb180000)
  object space 44032K, 25% used [0x00000000c1400000,0x00000000c1f0bd18,0x00000000c3f00000)
 Metaspace       used 20246K, capacity 21268K, committed 21296K, reserved 1067008K
  class space    used 2694K, capacity 2936K, committed 2944K, reserved 1048576K
Event: 2.976 GC heap after
Heap after GC invocations=8 (full 1):
 PSYoungGen      total 72192K, used 0K [0x00000000eb180000, 0x00000000f3e80000, 0x0000000100000000)
  eden space 65536K, 0% used [0x00000000eb180000,0x00000000eb180000,0x00000000ef180000)
  from space 6656K, 0% used [0x00000000ef180000,0x00000000ef180000,0x00000000ef800000)
  to   space 6656K, 0% used [0x00000000f3800000,0x00000000f3800000,0x00000000f3e80000)
 ParOldGen       total 34304K, used 8664K [0x00000000c1400000, 0x00000000c3580000, 0x00000000eb180000)
  object space 34304K, 25% used [0x00000000c1400000,0x00000000c1c761f8,0x00000000c3580000)
 Metaspace       used 20246K, capacity 21268K, committed 21296K, reserved 1067008K
  class space    used 2694K, capacity 2936K, committed 2944K, reserved 1048576K
}
Event: 4.023 GC heap before
{Heap before GC invocations=9 (full 1):
 PSYoungGen      total 72192K, used 65536K [0x00000000eb180000, 0x00000000f3e80000, 0x0000000100000000)
  eden space 65536K, 100% used [0x00000000eb180000,0x00000000ef180000,0x00000000ef180000)
  from space 6656K, 0% used [0x00000000ef180000,0x00000000ef180000,0x00000000ef800000)
  to   space 6656K, 0% used [0x00000000f3800000,0x00000000f3800000,0x00000000f3e80000)
 ParOldGen       total 34304K, used 8664K [0x00000000c1400000, 0x00000000c3580000, 0x00000000eb180000)
  object space 34304K, 25% used [0x00000000c1400000,0x00000000c1c761f8,0x00000000c3580000)
 Metaspace       used 25592K, capacity 27314K, committed 27392K, reserved 1073152K
  class space    used 3467K, capacity 3815K, committed 3840K, reserved 1048576K
Event: 4.036 GC heap after
Heap after GC invocations=9 (full 1):
 PSYoungGen      total 114688K, used 6626K [0x00000000eb180000, 0x00000000f3e80000, 0x0000000100000000)
  eden space 108032K, 0% used [0x00000000eb180000,0x00000000eb180000,0x00000000f1b00000)
  from space 6656K, 99% used [0x00000000f3800000,0x00000000f3e78a80,0x00000000f3e80000)
  to   space 8192K, 0% used [0x00000000f2e80000,0x00000000f2e80000,0x00000000f3680000)
 ParOldGen       total 34304K, used 10459K [0x00000000c1400000, 0x00000000c3580000, 0x00000000eb180000)
  object space 34304K, 30% used [0x00000000c1400000,0x00000000c1e36ce0,0x00000000c3580000)
 Metaspace       used 25592K, capacity 27314K, committed 27392K, reserved 1073152K
  class space    used 3467K, capacity 3815K, committed 3840K, reserved 1048576K
}

