# JRE version: Java(TM) SE Runtime Environment (8.0_131-b11) (build 1.8.0_131-b11)
# Java VM: Java HotSpot(TM) 64-Bit Server VM (25.131-b11 mixed mode windows-amd64 compressed oops)
Heap:
 PSYoungGen      total 72192K, used 10139K [0x00000000eb180000, 0x00000000efe80000, 0x0000000100000000)
  eden space 65536K, 15% used [0x00000000eb180000,0x00000000ebb66f08,0x00000000ef180000)
  from space 6656K, 0% used [0x00000000ef800000,0x00000000ef800000,0x00000000efe80000)
  to   space 6656K, 0% used [0x00000000ef180000,0x00000000ef180000,0x00000000ef800000)
 ParOldGen       total 32256K, used 14499K [0x00000000c1400000, 0x00000000c3380000, 0x00000000eb180000)
  object space 32256K, 44% used [0x00000000c1400000,0x00000000c2228ce0,0x00000000c3380000)
 Metaspace       used 34858K, capacity 36878K, committed 37032K, reserved 1081344K
  class space    used 4837K, capacity 5193K, committed 5288K, reserved 1048576K
GC Heap History (10 events):
Event: 7.547 GC heap before
{Heap before GC invocations=8 (full 1):
 PSYoungGen      total 72192K, used 4831K [0x00000000eb180000, 0x00000000efe80000, 0x0000000100000000)
  eden space 65536K, 0% used [0x00000000eb180000,0x00000000eb180000,0x00000000ef180000)
  from space 6656K, 72% used [0x00000000ef180000,0x00000000ef637e08,0x00000000ef800000)
  to   space 6656K, 0% used [0x00000000ef800000,0x00000000ef800000,0x00000000efe80000)
 ParOldGen       total 44032K, used 11199K [0x00000000c1400000, 0x00000000c3f00000, 0x00000000eb180000)
  object space 44032K, 25% used [0x00000000c1400000,0x00000000c1eefcf8,0x00000000c3f00000)
 Metaspace       used 20219K, capacity 21272K, committed 21296K, reserved 1067008K
  class space    used 2694K, capacity 2936K, committed 2944K, reserved 1048576K
Event: 7.611 GC heap after
Heap after GC invocations=8 (full 1):
 PSYoungGen      total 72192K, used 0K [0x00000000eb180000, 0x00000000efe80000, 0x0000000100000000)
  eden space 65536K, 0% used [0x00000000eb180000,0x00000000eb180000,0x00000000ef180000)
  from space 6656K, 0% used [0x00000000ef180000,0x00000000ef180000,0x00000000ef800000)
  to   space 6656K, 0% used [0x00000000ef800000,0x00000000ef800000,0x00000000efe80000)
 ParOldGen       total 32256K, used 9632K [0x00000000c1400000, 0x00000000c3380000, 0x00000000eb180000)
  object space 32256K, 29% used [0x00000000c1400000,0x00000000c1d68388,0x00000000c3380000)
 Metaspace       used 20219K, capacity 21272K, committed 21296K, reserved 1067008K
  class space    used 2694K, capacity 2936K, committed 2944K, reserved 1048576K
}
Event: 9.751 GC heap before
{Heap before GC invocations=9 (full 1):
 PSYoungGen      total 72192K, used 65536K [0x00000000eb180000, 0x00000000efe80000, 0x0000000100000000)
  eden space 65536K, 100% used [0x00000000eb180000,0x00000000ef180000,0x00000000ef180000)
  from space 6656K, 0% used [0x00000000ef180000,0x00000000ef180000,0x00000000ef800000)
  to   space 6656K, 0% used [0x00000000ef800000,0x00000000ef800000,0x00000000efe80000)
 ParOldGen       total 32256K, used 9632K [0x00000000c1400000, 0x00000000c3380000, 0x00000000eb180000)
  object space 32256K, 29% used [0x00000000c1400000,0x00000000c1d68388,0x00000000c3380000)
 Metaspace       used 25945K, capacity 27800K, committed 28032K, reserved 1073152K
  class space    used 3538K, capacity 3888K, committed 3968K, reserved 1048576K
Event: 9.765 GC heap after
Heap after GC invocations=9 (full 1):
 PSYoungGen      total 72192K, used 6630K [0x00000000eb180000, 0x00000000efe80000, 0x0000000100000000)
  eden space 65536K, 0% used [0x00000000eb180000,0x00000000eb180000,0x00000000ef180000)
  from space 6656K, 99% used [0x00000000ef800000,0x00000000efe79a00,0x00000000efe80000)
  to   space 6656K, 0% used [0x00000000ef180000,0x00000000ef180000,0x00000000ef800000)
 ParOldGen       total 32256K, used 11817K [0x00000000c1400000, 0x00000000c3380000, 0x00000000eb180000)
  object space 32256K, 36% used [0x00000000c1400000,0x00000000c1f8a4f0,0x00000000c3380000)
 Metaspace       used 25945K, capacity 27800K, committed 28032K, reserved 1073152K
  class space    used 3538K, capacity 3888K, committed 3968K, reserved 1048576K
}
Event: 12.965 GC heap before
{Heap before GC invocations=10 (full 1):
 PSYoungGen      total 72192K, used 72166K [0x00000000eb180000, 0x00000000efe80000, 0x0000000100000000)
  eden space 65536K, 100% used [0x00000000eb180000,0x00000000ef180000,0x00000000ef180000)
  from space 6656K, 99% used [0x00000000ef800000,0x00000000efe79a00,0x00000000efe80000)
  to   space 6656K, 0% used [0x00000000ef180000,0x00000000ef180000,0x00000000ef800000)
 ParOldGen       total 32256K, used 11817K [0x00000000c1400000, 0x00000000c3380000, 0x00000000eb180000)
  object space 32256K, 36% used [0x00000000c1400000,0x00000000c1f8a4f0,0x00000000c3380000)
 Metaspace       used 28961K, capacity 30884K, committed 30976K, reserved 1075200K
  class space    used 3936K, capacity 4308K, committed 4352K, reserved 1048576K
Event: 12.976 GC heap after
Heap after GC invocations=10 (full 1):
 PSYoungGen      total 72192K, used 6632K [0x00000000eb180000, 0x00000000efe80000, 0x0000000100000000)
  eden space 65536K, 0% used [0x00000000eb180000,0x00000000eb180000,0x00000000ef180000)
  from space 6656K, 99% used [0x00000000ef180000,0x00000000ef7fa240,0x00000000ef800000)
  to   space 6656K, 0% used [0x00000000ef800000,0x00000000ef800000,0x00000000efe80000)
 ParOldGen       total 32256K, used 12029K [0x00000000c1400000, 0x00000000c3380000, 0x00000000eb180000)
  object space 32256K, 37% used [0x00000000c1400000,0x00000000c1fbf668,0x00000000c3380000)
 Metaspace       used 28961K, capacity 30884K, committed 30976K, reserved 1075200K
  class space    used 3936K, capacity 4308K, committed 4352K, reserved 1048576K
}
Event: 14.405 GC heap before
{Heap before GC invocations=11 (full 1):
 PSYoungGen      total 72192K, used 35512K [0x00000000eb180000, 0x00000000efe80000, 0x0000000100000000)
  eden space 65536K, 44% used [0x00000000eb180000,0x00000000ecdb3fb8,0x00000000ef180000)
  from space 6656K, 99% used [0x00000000ef180000,0x00000000ef7fa240,0x00000000ef800000)
  to   space 6656K, 0% used [0x00000000ef800000,0x00000000ef800000,0x00000000efe80000)
 ParOldGen       total 32256K, used 12029K [0x00000000c1400000, 0x00000000c3380000, 0x00000000eb180000)
  object space 32256K, 37% used [0x00000000c1400000,0x00000000c1fbf668,0x00000000c3380000)
 Metaspace       used 33386K, capacity 35404K, committed 35496K, reserved 1079296K
  class space    used 4651K, capacity 5022K, committed 5032K, reserved 1048576K
Event: 14.429 GC heap after
Heap after GC invocations=11 (full 1):
 PSYoungGen      total 72192K, used 5561K [0x00000000eb180000, 0x00000000efe80000, 0x0000000100000000)
  eden space 65536K, 0% used [0x00000000eb180000,0x00000000eb180000,0x00000000ef180000)
  from space 6656K, 83% used [0x00000000ef800000,0x00000000efd6e780,0x00000000efe80000)
  to   space 6656K, 0% used [0x00000000ef180000,0x00000000ef180000,0x00000000ef800000)
 ParOldGen       total 32256K, used 15521K [0x00000000c1400000, 0x00000000c3380000, 0x00000000eb180000)
  object space 32256K, 48% used [0x00000000c1400000,0x00000000c23286c8,0x00000000c3380000)
 Metaspace       used 33386K, capacity 35404K, committed 35496K, reserved 1079296K
  class space    used 4651K, capacity 5022K, committed 5032K, reserved 1048576K
}
Event: 14.429 GC heap before
{Heap before GC invocations=12 (full 2):
 PSYoungGen      total 72192K, used 5561K [0x00000000eb180000, 0x00000000efe80000, 0x0000000100000000)
  eden space 65536K, 0% used [0x00000000eb180000,0x00000000eb180000,0x00000000ef180000)
  from space 6656K, 83% used [0x00000000ef800000,0x00000000efd6e780,0x00000000efe80000)
  to   space 6656K, 0% used [0x00000000ef180000,0x00000000ef180000,0x00000000ef800000)
 ParOldGen       total 32256K, used 15521K [0x00000000c1400000, 0x00000000c3380000, 0x00000000eb180000)
  object space 32256K, 48% used [0x00000000c1400000,0x00000000c23286c8,0x00000000c3380000)
 Metaspace       used 33386K, capacity 35404K, committed 35496K, reserved 1079296K
  class space    used 4651K, capacity 5022K, committed 5032K, reserved 1048576K
Event: 14.537 GC heap after
Heap after GC invocations=12 (full 2):
 PSYoungGen      total 72192K, used 0K [0x00000000eb180000, 0x00000000efe80000, 0x0000000100000000)
  eden space 65536K, 0% used [0x00000000eb180000,0x00000000eb180000,0x00000000ef180000)
  from space 6656K, 0% used [0x00000000ef800000,0x00000000ef800000,0x00000000efe80000)
  to   space 6656K, 0% used [0x00000000ef180000,0x00000000ef180000,0x00000000ef800000)
 ParOldGen       total 32256K, used 14499K [0x00000000c1400000, 0x00000000c3380000, 0x00000000eb180000)
  object space 32256K, 44% used [0x00000000c1400000,0x00000000c2228ce0,0x00000000c3380000)
 Metaspace       used 33386K, capacity 35404K, committed 35496K, reserved 1079296K
  class space    used 4651K, capacity 5022K, committed 5032K, reserved 1048576K
}

