# JRE version: Java(TM) SE Runtime Environment (8.0_131-b11) (build 1.8.0_131-b11)
# Java VM: Java HotSpot(TM) 64-Bit Server VM (25.131-b11 mixed mode windows-amd64 compressed oops)
Heap:
 PSYoungGen      total 95744K, used 22881K [0x00000000eb180000, 0x00000000f1700000, 0x0000000100000000)
  eden space 87552K, 26% used [0x00000000eb180000,0x00000000ec7d8678,0x00000000f0700000)
  from space 8192K, 0% used [0x00000000f0700000,0x00000000f0700000,0x00000000f0f00000)
  to   space 7680K, 0% used [0x00000000f0f80000,0x00000000f0f80000,0x00000000f1700000)
 ParOldGen       total 51712K, used 16343K [0x00000000c1400000, 0x00000000c4680000, 0x00000000eb180000)
  object space 51712K, 31% used [0x00000000c1400000,0x00000000c23f5c00,0x00000000c4680000)
 Metaspace       used 40395K, capacity 42362K, committed 42664K, reserved 1091584K
  class space    used 5655K, capacity 6009K, committed 6056K, reserved 1048576K
GC Heap History (10 events):
Event: 4.742 GC heap before
{Heap before GC invocations=10 (full 1):
 PSYoungGen      total 70144K, used 70141K [0x00000000eb180000, 0x00000000f2880000, 0x0000000100000000)
  eden space 64000K, 100% used [0x00000000eb180000,0x00000000ef000000,0x00000000ef000000)
  from space 6144K, 99% used [0x00000000ef780000,0x00000000efd7f768,0x00000000efd80000)
  to   space 7680K, 0% used [0x00000000ef000000,0x00000000ef000000,0x00000000ef780000)
 ParOldGen       total 33792K, used 9593K [0x00000000c1400000, 0x00000000c3500000, 0x00000000eb180000)
  object space 33792K, 28% used [0x00000000c1400000,0x00000000c1d5e7b0,0x00000000c3500000)
 Metaspace       used 29438K, capacity 31208K, committed 31360K, reserved 1077248K
  class space    used 4034K, capacity 4396K, committed 4480K, reserved 1048576K
Event: 4.756 GC heap after
Heap after GC invocations=10 (full 1):
 PSYoungGen      total 71680K, used 7676K [0x00000000eb180000, 0x00000000f1800000, 0x0000000100000000)
  eden space 64000K, 0% used [0x00000000eb180000,0x00000000eb180000,0x00000000ef000000)
  from space 7680K, 99% used [0x00000000ef000000,0x00000000ef77f0b0,0x00000000ef780000)
  to   space 8704K, 0% used [0x00000000f0f80000,0x00000000f0f80000,0x00000000f1800000)
 ParOldGen       total 33792K, used 9642K [0x00000000c1400000, 0x00000000c3500000, 0x00000000eb180000)
  object space 33792K, 28% used [0x00000000c1400000,0x00000000c1d6aae8,0x00000000c3500000)
 Metaspace       used 29438K, capacity 31208K, committed 31360K, reserved 1077248K
  class space    used 4034K, capacity 4396K, committed 4480K, reserved 1048576K
}
Event: 5.360 GC heap before
{Heap before GC invocations=11 (full 1):
 PSYoungGen      total 71680K, used 31562K [0x00000000eb180000, 0x00000000f1800000, 0x0000000100000000)
  eden space 64000K, 37% used [0x00000000eb180000,0x00000000ec8d3900,0x00000000ef000000)
  from space 7680K, 99% used [0x00000000ef000000,0x00000000ef77f0b0,0x00000000ef780000)
  to   space 8704K, 0% used [0x00000000f0f80000,0x00000000f0f80000,0x00000000f1800000)
 ParOldGen       total 33792K, used 9642K [0x00000000c1400000, 0x00000000c3500000, 0x00000000eb180000)
  object space 33792K, 28% used [0x00000000c1400000,0x00000000c1d6aae8,0x00000000c3500000)
 Metaspace       used 33485K, capacity 35452K, committed 35496K, reserved 1079296K
  class space    used 4631K, capacity 5020K, committed 5032K, reserved 1048576K
Event: 5.375 GC heap after
Heap after GC invocations=11 (full 1):
 PSYoungGen      total 95232K, used 5629K [0x00000000eb180000, 0x00000000f1700000, 0x0000000100000000)
  eden space 87552K, 0% used [0x00000000eb180000,0x00000000eb180000,0x00000000f0700000)
  from space 7680K, 73% used [0x00000000f0f80000,0x00000000f14ff778,0x00000000f1700000)
  to   space 8192K, 0% used [0x00000000f0700000,0x00000000f0700000,0x00000000f0f00000)
 ParOldGen       total 33792K, used 13011K [0x00000000c1400000, 0x00000000c3500000, 0x00000000eb180000)
  object space 33792K, 38% used [0x00000000c1400000,0x00000000c20b4ec8,0x00000000c3500000)
 Metaspace       used 33485K, capacity 35452K, committed 35496K, reserved 1079296K
  class space    used 4631K, capacity 5020K, committed 5032K, reserved 1048576K
}
Event: 5.375 GC heap before
{Heap before GC invocations=12 (full 2):
 PSYoungGen      total 95232K, used 5629K [0x00000000eb180000, 0x00000000f1700000, 0x0000000100000000)
  eden space 87552K, 0% used [0x00000000eb180000,0x00000000eb180000,0x00000000f0700000)
  from space 7680K, 73% used [0x00000000f0f80000,0x00000000f14ff778,0x00000000f1700000)
  to   space 8192K, 0% used [0x00000000f0700000,0x00000000f0700000,0x00000000f0f00000)
 ParOldGen       total 33792K, used 13011K [0x00000000c1400000, 0x00000000c3500000, 0x00000000eb180000)
  object space 33792K, 38% used [0x00000000c1400000,0x00000000c20b4ec8,0x00000000c3500000)
 Metaspace       used 33485K, capacity 35452K, committed 35496K, reserved 1079296K
  class space    used 4631K, capacity 5020K, committed 5032K, reserved 1048576K
Event: 5.444 GC heap after
Heap after GC invocations=12 (full 2):
 PSYoungGen      total 95232K, used 0K [0x00000000eb180000, 0x00000000f1700000, 0x0000000100000000)
  eden space 87552K, 0% used [0x00000000eb180000,0x00000000eb180000,0x00000000f0700000)
  from space 7680K, 0% used [0x00000000f0f80000,0x00000000f0f80000,0x00000000f1700000)
  to   space 8192K, 0% used [0x00000000f0700000,0x00000000f0700000,0x00000000f0f00000)
 ParOldGen       total 51712K, used 14537K [0x00000000c1400000, 0x00000000c4680000, 0x00000000eb180000)
  object space 51712K, 28% used [0x00000000c1400000,0x00000000c2232608,0x00000000c4680000)
 Metaspace       used 33485K, capacity 35452K, committed 35496K, reserved 1079296K
  class space    used 4631K, capacity 5020K, committed 5032K, reserved 1048576K
}
Event: 5.932 GC heap before
{Heap before GC invocations=13 (full 2):
 PSYoungGen      total 95232K, used 24633K [0x00000000eb180000, 0x00000000f1700000, 0x0000000100000000)
  eden space 87552K, 28% used [0x00000000eb180000,0x00000000ec98e418,0x00000000f0700000)
  from space 7680K, 0% used [0x00000000f0f80000,0x00000000f0f80000,0x00000000f1700000)
  to   space 8192K, 0% used [0x00000000f0700000,0x00000000f0700000,0x00000000f0f00000)
 ParOldGen       total 51712K, used 14537K [0x00000000c1400000, 0x00000000c4680000, 0x00000000eb180000)
  object space 51712K, 28% used [0x00000000c1400000,0x00000000c2232608,0x00000000c4680000)
 Metaspace       used 36934K, capacity 38876K, committed 39080K, reserved 1087488K
  class space    used 5072K, capacity 5450K, committed 5544K, reserved 1048576K
Event: 5.940 GC heap after
Heap after GC invocations=13 (full 2):
 PSYoungGen      total 95744K, used 4637K [0x00000000eb180000, 0x00000000f1700000, 0x0000000100000000)
  eden space 87552K, 0% used [0x00000000eb180000,0x00000000eb180000,0x00000000f0700000)
  from space 8192K, 56% used [0x00000000f0700000,0x00000000f0b87508,0x00000000f0f00000)
  to   space 7680K, 0% used [0x00000000f0f80000,0x00000000f0f80000,0x00000000f1700000)
 ParOldGen       total 51712K, used 14545K [0x00000000c1400000, 0x00000000c4680000, 0x00000000eb180000)
  object space 51712K, 28% used [0x00000000c1400000,0x00000000c2234608,0x00000000c4680000)
 Metaspace       used 36934K, capacity 38876K, committed 39080K, reserved 1087488K
  class space    used 5072K, capacity 5450K, committed 5544K, reserved 1048576K
}
Event: 5.940 GC heap before
{Heap before GC invocations=14 (full 3):
 PSYoungGen      total 95744K, used 4637K [0x00000000eb180000, 0x00000000f1700000, 0x0000000100000000)
  eden space 87552K, 0% used [0x00000000eb180000,0x00000000eb180000,0x00000000f0700000)
  from space 8192K, 56% used [0x00000000f0700000,0x00000000f0b87508,0x00000000f0f00000)
  to   space 7680K, 0% used [0x00000000f0f80000,0x00000000f0f80000,0x00000000f1700000)
 ParOldGen       total 51712K, used 14545K [0x00000000c1400000, 0x00000000c4680000, 0x00000000eb180000)
  object space 51712K, 28% used [0x00000000c1400000,0x00000000c2234608,0x00000000c4680000)
 Metaspace       used 36934K, capacity 38876K, committed 39080K, reserved 1087488K
  class space    used 5072K, capacity 5450K, committed 5544K, reserved 1048576K
Event: 6.140 GC heap after
Heap after GC invocations=14 (full 3):
 PSYoungGen      total 95744K, used 0K [0x00000000eb180000, 0x00000000f1700000, 0x0000000100000000)
  eden space 87552K, 0% used [0x00000000eb180000,0x00000000eb180000,0x00000000f0700000)
  from space 8192K, 0% used [0x00000000f0700000,0x00000000f0700000,0x00000000f0f00000)
  to   space 7680K, 0% used [0x00000000f0f80000,0x00000000f0f80000,0x00000000f1700000)
 ParOldGen       total 51712K, used 16343K [0x00000000c1400000, 0x00000000c4680000, 0x00000000eb180000)
  object space 51712K, 31% used [0x00000000c1400000,0x00000000c23f5c00,0x00000000c4680000)
 Metaspace       used 36934K, capacity 38876K, committed 39080K, reserved 1085440K
  class space    used 5072K, capacity 5450K, committed 5544K, reserved 1048576K
}

