# JRE version: Java(TM) SE Runtime Environment (8.0_131-b11) (build 1.8.0_131-b11)
# Java VM: Java HotSpot(TM) 64-Bit Server VM (25.131-b11 mixed mode windows-amd64 compressed oops)
Heap:
 PSYoungGen      total 97792K, used 1673K [0x00000000eb180000, 0x00000000f1a00000, 0x0000000100000000)
  eden space 89600K, 1% used [0x00000000eb180000,0x00000000eb3227e8,0x00000000f0900000)
  from space 8192K, 0% used [0x00000000f1200000,0x00000000f1200000,0x00000000f1a00000)
  to   space 8704K, 0% used [0x00000000f0900000,0x00000000f0900000,0x00000000f1180000)
 ParOldGen       total 35328K, used 13075K [0x00000000c1400000, 0x00000000c3680000, 0x00000000eb180000)
  object space 35328K, 37% used [0x00000000c1400000,0x00000000c20c4ef8,0x00000000c3680000)
 Metaspace       used 34047K, capacity 36142K, committed 36392K, reserved 1083392K
  class space    used 4740K, capacity 5125K, committed 5160K, reserved 1048576K
GC Heap History (10 events):
Event: 13.162 GC heap before
{Heap before GC invocations=12 (full 2):
 PSYoungGen      total 97792K, used 5210K [0x00000000eb180000, 0x00000000f1a00000, 0x0000000100000000)
  eden space 89600K, 0% used [0x00000000eb180000,0x00000000eb180000,0x00000000f0900000)
  from space 8192K, 63% used [0x00000000f1200000,0x00000000f1716998,0x00000000f1a00000)
  to   space 8704K, 0% used [0x00000000f0900000,0x00000000f0900000,0x00000000f1180000)
 ParOldGen       total 35328K, used 17383K [0x00000000c1400000, 0x00000000c3680000, 0x00000000eb180000)
  object space 35328K, 49% used [0x00000000c1400000,0x00000000c24f9c30,0x00000000c3680000)
 Metaspace       used 33392K, capacity 35450K, committed 35496K, reserved 1081344K
  class space    used 4650K, capacity 5021K, committed 5032K, reserved 1048576K
Event: 13.283 GC heap after
Heap after GC invocations=12 (full 2):
 PSYoungGen      total 97792K, used 0K [0x00000000eb180000, 0x00000000f1a00000, 0x0000000100000000)
  eden space 89600K, 0% used [0x00000000eb180000,0x00000000eb180000,0x00000000f0900000)
  from space 8192K, 0% used [0x00000000f1200000,0x00000000f1200000,0x00000000f1a00000)
  to   space 8704K, 0% used [0x00000000f0900000,0x00000000f0900000,0x00000000f1180000)
 ParOldGen       total 35328K, used 14148K [0x00000000c1400000, 0x00000000c3680000, 0x00000000eb180000)
  object space 35328K, 40% used [0x00000000c1400000,0x00000000c21d12d0,0x00000000c3680000)
 Metaspace       used 33392K, capacity 35450K, committed 35496K, reserved 1081344K
  class space    used 4650K, capacity 5021K, committed 5032K, reserved 1048576K
}
Event: 13.593 GC heap before
{Heap before GC invocations=13 (full 2):
 PSYoungGen      total 97792K, used 5050K [0x00000000eb180000, 0x00000000f1a00000, 0x0000000100000000)
  eden space 89600K, 5% used [0x00000000eb180000,0x00000000eb66ea40,0x00000000f0900000)
  from space 8192K, 0% used [0x00000000f1200000,0x00000000f1200000,0x00000000f1a00000)
  to   space 8704K, 0% used [0x00000000f0900000,0x00000000f0900000,0x00000000f1180000)
 ParOldGen       total 35328K, used 14148K [0x00000000c1400000, 0x00000000c3680000, 0x00000000eb180000)
  object space 35328K, 40% used [0x00000000c1400000,0x00000000c21d12d0,0x00000000c3680000)
 Metaspace       used 34046K, capacity 36046K, committed 36136K, reserved 1085440K
  class space    used 4740K, capacity 5093K, committed 5160K, reserved 1048576K
Event: 13.597 GC heap after
Heap after GC invocations=13 (full 2):
 PSYoungGen      total 98304K, used 1988K [0x00000000eb180000, 0x00000000f1a00000, 0x0000000100000000)
  eden space 89600K, 0% used [0x00000000eb180000,0x00000000eb180000,0x00000000f0900000)
  from space 8704K, 22% used [0x00000000f0900000,0x00000000f0af1258,0x00000000f1180000)
  to   space 8192K, 0% used [0x00000000f1200000,0x00000000f1200000,0x00000000f1a00000)
 ParOldGen       total 35328K, used 14156K [0x00000000c1400000, 0x00000000c3680000, 0x00000000eb180000)
  object space 35328K, 40% used [0x00000000c1400000,0x00000000c21d32d0,0x00000000c3680000)
 Metaspace       used 34046K, capacity 36046K, committed 36136K, reserved 1085440K
  class space    used 4740K, capacity 5093K, committed 5160K, reserved 1048576K
}
Event: 13.598 GC heap before
{Heap before GC invocations=14 (full 3):
 PSYoungGen      total 98304K, used 1988K [0x00000000eb180000, 0x00000000f1a00000, 0x0000000100000000)
  eden space 89600K, 0% used [0x00000000eb180000,0x00000000eb180000,0x00000000f0900000)
  from space 8704K, 22% used [0x00000000f0900000,0x00000000f0af1258,0x00000000f1180000)
  to   space 8192K, 0% used [0x00000000f1200000,0x00000000f1200000,0x00000000f1a00000)
 ParOldGen       total 35328K, used 14156K [0x00000000c1400000, 0x00000000c3680000, 0x00000000eb180000)
  object space 35328K, 40% used [0x00000000c1400000,0x00000000c21d32d0,0x00000000c3680000)
 Metaspace       used 34046K, capacity 36046K, committed 36136K, reserved 1085440K
  class space    used 4740K, capacity 5093K, committed 5160K, reserved 1048576K
Event: 13.765 GC heap after
Heap after GC invocations=14 (full 3):
 PSYoungGen      total 98304K, used 0K [0x00000000eb180000, 0x00000000f1a00000, 0x0000000100000000)
  eden space 89600K, 0% used [0x00000000eb180000,0x00000000eb180000,0x00000000f0900000)
  from space 8704K, 0% used [0x00000000f0900000,0x00000000f0900000,0x00000000f1180000)
  to   space 8192K, 0% used [0x00000000f1200000,0x00000000f1200000,0x00000000f1a00000)
 ParOldGen       total 35328K, used 13388K [0x00000000c1400000, 0x00000000c3680000, 0x00000000eb180000)
  object space 35328K, 37% used [0x00000000c1400000,0x00000000c2113060,0x00000000c3680000)
 Metaspace       used 34046K, capacity 36046K, committed 36136K, reserved 1083392K
  class space    used 4740K, capacity 5093K, committed 5160K, reserved 1048576K
}
Event: 13.766 GC heap before
{Heap before GC invocations=15 (full 3):
 PSYoungGen      total 98304K, used 0K [0x00000000eb180000, 0x00000000f1a00000, 0x0000000100000000)
  eden space 89600K, 0% used [0x00000000eb180000,0x00000000eb180000,0x00000000f0900000)
  from space 8704K, 0% used [0x00000000f0900000,0x00000000f0900000,0x00000000f1180000)
  to   space 8192K, 0% used [0x00000000f1200000,0x00000000f1200000,0x00000000f1a00000)
 ParOldGen       total 35328K, used 13388K [0x00000000c1400000, 0x00000000c3680000, 0x00000000eb180000)
  object space 35328K, 37% used [0x00000000c1400000,0x00000000c2113060,0x00000000c3680000)
 Metaspace       used 34046K, capacity 36046K, committed 36136K, reserved 1087488K
  class space    used 4740K, capacity 5093K, committed 5160K, reserved 1048576K
Event: 13.768 GC heap after
Heap after GC invocations=15 (full 3):
 PSYoungGen      total 97792K, used 0K [0x00000000eb180000, 0x00000000f1a00000, 0x0000000100000000)
  eden space 89600K, 0% used [0x00000000eb180000,0x00000000eb180000,0x00000000f0900000)
  from space 8192K, 0% used [0x00000000f1200000,0x00000000f1200000,0x00000000f1a00000)
  to   space 8704K, 0% used [0x00000000f0900000,0x00000000f0900000,0x00000000f1180000)
 ParOldGen       total 35328K, used 13388K [0x00000000c1400000, 0x00000000c3680000, 0x00000000eb180000)
  object space 35328K, 37% used [0x00000000c1400000,0x00000000c2113060,0x00000000c3680000)
 Metaspace       used 34046K, capacity 36046K, committed 36136K, reserved 1087488K
  class space    used 4740K, capacity 5093K, committed 5160K, reserved 1048576K
}
Event: 13.769 GC heap before
{Heap before GC invocations=16 (full 4):
 PSYoungGen      total 97792K, used 0K [0x00000000eb180000, 0x00000000f1a00000, 0x0000000100000000)
  eden space 89600K, 0% used [0x00000000eb180000,0x00000000eb180000,0x00000000f0900000)
  from space 8192K, 0% used [0x00000000f1200000,0x00000000f1200000,0x00000000f1a00000)
  to   space 8704K, 0% used [0x00000000f0900000,0x00000000f0900000,0x00000000f1180000)
 ParOldGen       total 35328K, used 13388K [0x00000000c1400000, 0x00000000c3680000, 0x00000000eb180000)
  object space 35328K, 37% used [0x00000000c1400000,0x00000000c2113060,0x00000000c3680000)
 Metaspace       used 34046K, capacity 36046K, committed 36136K, reserved 1087488K
  class space    used 4740K, capacity 5093K, committed 5160K, reserved 1048576K
Event: 13.838 GC heap after
Heap after GC invocations=16 (full 4):
 PSYoungGen      total 97792K, used 0K [0x00000000eb180000, 0x00000000f1a00000, 0x0000000100000000)
  eden space 89600K, 0% used [0x00000000eb180000,0x00000000eb180000,0x00000000f0900000)
  from space 8192K, 0% used [0x00000000f1200000,0x00000000f1200000,0x00000000f1a00000)
  to   space 8704K, 0% used [0x00000000f0900000,0x00000000f0900000,0x00000000f1180000)
 ParOldGen       total 35328K, used 13075K [0x00000000c1400000, 0x00000000c3680000, 0x00000000eb180000)
  object space 35328K, 37% used [0x00000000c1400000,0x00000000c20c4ef8,0x00000000c3680000)
 Metaspace       used 34046K, capacity 36046K, committed 36136K, reserved 1083392K
  class space    used 4740K, capacity 5093K, committed 5160K, reserved 1048576K
}

